[backblue.gif]
[fade.gif]
[index.html]
[seminardokter.id/assets/images/favicon.png]
[seminardokter.id/assets/js/jquery.min.js]
[seminardokter.id/assets/images/logo-sd.png]
[seminardokter.id/data/sd85310-fdaee900620e439474cd974048d52573.jpg]
[seminardokter.id/assets/js/bootstrap.min.js]
[seminardokter.id/assets/js/detect.js]
[seminardokter.id/assets/js/fastclick.js]
[seminardokter.id/assets/js/jquery.blockUI.js]
[seminardokter.id/assets/js/waves.js]
[seminardokter.id/assets/js/jquery.slimscroll.js]
[seminardokter.id/assets/js/jquery.scrollTo.min.js]
[seminardokter.id/assets/plugins/switchery/switchery.min.js]
[seminardokter.id/assets/plugins/toastr/toastr.min.js]
[seminardokter.id/assets/plugins/sticky/resizeSensor.js]
[seminardokter.id/assets/plugins/sticky/jquery.sticky-kit.min.js]
[seminardokter.id/assets/plugins/bootstrap-select/js/bootstrap-select.min.js]
[seminardokter.id/assets/plugins/jquery-ui/jquery-ui.min.js]
[seminardokter.id/assets/plugins/owlcarousel/owl.carousel.min.js]
[seminardokter.id/assets/plugins/moment/moment.js]
[seminardokter.id/assets/plugins/bootstrap-daterangepicker/daterangepicker.js]
[seminardokter.id/assets/plugins/fullcalendar/js/fullcalendar.min.js]
[seminardokter.id/assets/pages/jquery.fullcalendar.js]
[seminardokter.id/assets/plugins/datatables/jquery.dataTables.min.js]
[seminardokter.id/assets/plugins/datatables/dataTables.bootstrap4.min.js]
[seminardokter.id/assets/plugins/bootstrap-sweetalert/sweet-alert.min.js]
[seminardokter.id/assets/pages/jquery.sweet-alert.init.js]
[seminardokter.id/assets/plugins/summernote/summernote.min.js]
[seminardokter.id/assets/js/jquery.core.js]
[seminardokter.id/assets/js/jquery.app.js]
[seminardokter.id/events/details/sd85310-4th-cosmetic-dermatology-inquiring-conference-cosmic-2024.html]
[seminardokter.id/images/160/160/sd85310-fdaee900620e439474cd974048d52573.html]
[seminardokter.id/assets/plugins/fullcalendar/css/fullcalendar.min.css]
[seminardokter.id/assets/plugins/summernote/font/summernotef534.eot]
[seminardokter.id/assets/plugins/summernote/font/summernoted41d.eot]
[seminardokter.id/assets/plugins/summernote/font/summernotef534.woff]
[seminardokter.id/assets/plugins/summernote/font/summernotef534.ttf]
[seminardokter.id/assets/plugins/summernote/summernote.css]
[seminardokter.id/assets/plugins/jquery-ui/images/ui-bg_gloss-wave_35_f6a828_500x100.png]
[seminardokter.id/assets/plugins/jquery-ui/images/ui-icons_222222_256x240.png]
[seminardokter.id/assets/plugins/jquery-ui/images/ui-icons_ffffff_256x240.png]
[seminardokter.id/assets/plugins/jquery-ui/images/ui-icons_ef8c08_256x240.png]
[seminardokter.id/assets/plugins/jquery-ui/images/ui-icons_228ef1_256x240.png]
[seminardokter.id/assets/plugins/jquery-ui/images/ui-icons_ffd27a_256x240.png]
[seminardokter.id/assets/plugins/jquery-ui/jquery-ui.min.css]
[seminardokter.id/assets/plugins/bootstrap-sweetalert/sweet-alert.css]
[seminardokter.id/assets/css/bootstrap.min.css]
[seminardokter.id/assets/css/core.css]
[seminardokter.id/assets/plugins/multiselect/img/multiple-arrow.png]
[seminardokter.id/assets/css/components.css]
[seminardokter.id/assets/css/icons.css]
[seminardokter.id/assets/images/dust.png]
[seminardokter.id/assets/css/pages.css]
[seminardokter.id/assets/css/menu.css]
[seminardokter.id/assets/css/responsive.css]
[seminardokter.id/assets/css/global.css]
[seminardokter.id/assets/css/mobile.css]
[seminardokter.id/assets/plugins/datatables/jquery.dataTables.min.css]
[seminardokter.id/assets/plugins/toastr/toastr.min.css]
[seminardokter.id/assets/plugins/bootstrap-select/css/bootstrap-select.min.css]
[seminardokter.id/assets/plugins/bootstrap-daterangepicker/daterangepicker.css]
[seminardokter.id/assets/plugins/switchery/switchery.min.css]
[seminardokter.id/assets/plugins/jquery-ui/images/ui-bg_highlight-soft_100_eeeeee_1x100.html]
[seminardokter.id/assets/plugins/jquery-ui/images/ui-bg_glass_100_f6f6f6_1x400.html]
[seminardokter.id/assets/plugins/jquery-ui/images/ui-bg_glass_100_fdf5ce_1x400.html]
[seminardokter.id/assets/plugins/jquery-ui/images/ui-bg_glass_65_ffffff_1x400.html]
[seminardokter.id/assets/plugins/jquery-ui/images/ui-bg_highlight-soft_75_ffe45c_1x100.html]
[seminardokter.id/assets/plugins/jquery-ui/images/ui-bg_diagonals-thick_18_b81900_40x40.html]
[seminardokter.id/assets/plugins/jquery-ui/images/ui-bg_diagonals-thick_20_666666_40x40.html]
[seminardokter.id/assets/plugins/jquery-ui/images/ui-bg_flat_10_000000_40x100.html]
[seminardokter.id/assets/css/owl.video.play.html]
[seminardokter.id/assets/images/google.png]
[seminardokter.id/assets/images/telegram-badge.png]
[d.line-scdn.net/r/web/social-plugin/js/thirdparty/loader.min.js]
